<?xml version="1.0" encoding="UTF-8"?>
<!-- Generated by org.testng.reporters.JUnitXMLReporter -->
<testsuite ignored="0" hostname="Mac" failures="1" tests="10" name="Surefire test" time="111.245" errors="0" timestamp="2026-04-10T23:24:35 EDT">
  <testcase classname="tests.LoginTest" name="loginTest" time="0.0">
    <failure type="java.lang.RuntimeException" message="java.io.FileNotFoundException: testdata/LoginData.xlsx (No such file or directory)">
      <![CDATA[java.lang.RuntimeException: java.io.FileNotFoundException: testdata/LoginData.xlsx (No such file or directory)
at java.base/java.util.ArrayList.forEach(ArrayList.java:1596)
Caused by: java.io.FileNotFoundException: testdata/LoginData.xlsx (No such file or directory)
at java.base/java.io.FileInputStream.open0(Native Method)
at java.base/java.io.FileInputStream.open(FileInputStream.java:213)
at java.base/java.io.FileInputStream.<init>(FileInputStream.java:152)
at java.base/java.io.FileInputStream.<init>(FileInputStream.java:106)
at utils.ExcelUtils.getTestData(ExcelUtils.java:9)
at tests.LoginTest.loginData(LoginTest.java:15)
... 30 more
... Removed 35 stack frames]]>
    </failure>
  </testcase> <!-- loginTest -->
  <testcase classname="io.cucumber.testng.AbstractTestNGCucumberTests" name="runScenario" time="15.021"/>
  <testcase classname="io.cucumber.testng.AbstractTestNGCucumberTests" name="runScenario" time="16.534"/>
  <testcase classname="io.cucumber.testng.AbstractTestNGCucumberTests" name="runScenario" time="10.548"/>
  <testcase classname="io.cucumber.testng.AbstractTestNGCucumberTests" name="runScenario" time="11.741"/>
  <testcase classname="io.cucumber.testng.AbstractTestNGCucumberTests" name="runScenario" time="8.392"/>
  <testcase classname="io.cucumber.testng.AbstractTestNGCucumberTests" name="runScenario" time="14.13"/>
  <testcase classname="io.cucumber.testng.AbstractTestNGCucumberTests" name="runScenario" time="11.647"/>
  <testcase classname="io.cucumber.testng.AbstractTestNGCucumberTests" name="runScenario" time="11.169"/>
  <testcase classname="io.cucumber.testng.AbstractTestNGCucumberTests" name="runScenario" time="11.243"/>
</testsuite> <!-- Surefire test -->
