<?xml version="1.0" encoding="UTF-8"?>
<testsuite xmlns:xsi="http://www.w3.org/2001/XMLSchema-instance" xsi:noNamespaceSchemaLocation="https://maven.apache.org/surefire/maven-surefire-plugin/xsd/surefire-test-report-3.0.xsd" version="3.0" name="TestSuite" time="111.9" tests="10" errors="0" skipped="0" failures="1">
  <properties>
[...]
</properties>
  <testcase name="loginTest" classname="tests.LoginTest" time="0.51">
    <failure message="java.io.FileNotFoundException: testdata/LoginData.xlsx (No such file or directory)" type="java.lang.RuntimeException"><![CDATA[java.lang.RuntimeException: java.io.FileNotFoundException: testdata/LoginData.xlsx (No such file or directory)
	at org.testng.internal.invokers.MethodInvocationHelper.invokeMethodNoCheckedException(MethodInvocationHelper.java:58)
	at org.testng.internal.invokers.MethodInvocationHelper.invokeDataProvider(MethodInvocationHelper.java:159)
	at org.testng.internal.Parameters.handleParameters(Parameters.java:809)
	at org.testng.internal.Parameters.handleParameters(Parameters.java:734)
	at org.testng.internal.invokers.ParameterHandler.handleParameters(ParameterHandler.java:72)
	at org.testng.internal.invokers.ParameterHandler.createParameters(ParameterHandler.java:51)
	at org.testng.internal.invokers.TestInvoker$MethodInvocationAgent.invoke(TestInvoker.java:946)
	at org.testng.internal.invokers.TestInvoker.invokeTestMethods(TestInvoker.java:203)
	at org.testng.internal.invokers.TestMethodWorker.invokeTestMethods(TestMethodWorker.java:154)
	at org.testng.internal.invokers.TestMethodWorker.run(TestMethodWorker.java:134)
	at java.base/java.util.ArrayList.forEach(ArrayList.java:1596)
	at org.testng.TestRunner.privateRun(TestRunner.java:739)
	at org.testng.TestRunner.run(TestRunner.java:614)
	at org.testng.SuiteRunner.runTest(SuiteRunner.java:421)
	at org.testng.SuiteRunner.runSequentially(SuiteRunner.java:413)
	at org.testng.SuiteRunner.privateRun(SuiteRunner.java:373)
	at org.testng.SuiteRunner.run(SuiteRunner.java:312)
	at org.testng.SuiteRunnerWorker.runSuite(SuiteRunnerWorker.java:52)
	at org.testng.SuiteRunnerWorker.run(SuiteRunnerWorker.java:95)
	at org.testng.TestNG.runSuitesSequentially(TestNG.java:1274)
	at org.testng.TestNG.runSuitesLocally(TestNG.java:1208)
	at org.testng.TestNG.runSuites(TestNG.java:1112)
	at org.testng.TestNG.run(TestNG.java:1079)
	at org.apache.maven.surefire.testng.TestNGExecutor.run(TestNGExecutor.java:155)
	at org.apache.maven.surefire.testng.TestNGDirectoryTestSuite.executeMulti(TestNGDirectoryTestSuite.java:169)
	at org.apache.maven.surefire.testng.TestNGDirectoryTestSuite.execute(TestNGDirectoryTestSuite.java:88)
	at org.apache.maven.surefire.testng.TestNGProvider.invoke(TestNGProvider.java:137)
	at org.apache.maven.surefire.booter.ForkedBooter.runSuitesInProcess(ForkedBooter.java:385)
	at org.apache.maven.surefire.booter.ForkedBooter.execute(ForkedBooter.java:162)
	at org.apache.maven.surefire.booter.ForkedBooter.run(ForkedBooter.java:507)
	at org.apache.maven.surefire.booter.ForkedBooter.main(ForkedBooter.java:495)
Caused by: java.io.FileNotFoundException: testdata/LoginData.xlsx (No such file or directory)
	at java.base/java.io.FileInputStream.open0(Native Method)
	at java.base/java.io.FileInputStream.open(FileInputStream.java:213)
	at java.base/java.io.FileInputStream.<init>(FileInputStream.java:152)
	at java.base/java.io.FileInputStream.<init>(FileInputStream.java:106)
	at utils.ExcelUtils.getTestData(ExcelUtils.java:9)
	at tests.LoginTest.loginData(LoginTest.java:15)
	at java.base/jdk.internal.reflect.DirectMethodHandleAccessor.invoke(DirectMethodHandleAccessor.java:103)
	at java.base/java.lang.reflect.Method.invoke(Method.java:580)
	at org.testng.internal.invokers.MethodInvocationHelper.invokeMethod(MethodInvocationHelper.java:141)
	at org.testng.internal.invokers.MethodInvocationHelper.invokeMethod(MethodInvocationHelper.java:86)
	at org.testng.internal.invokers.MethodInvocationHelper.invokeMethodNoCheckedException(MethodInvocationHelper.java:54)
	... 30 more
]]></failure>
  </testcase>
  <testcase name="runScenario[&quot;Verify accounts overview&quot;, &quot;Accounts Overview&quot;](1)" classname="runners.TestNGCucumberRunner" time="15.026">
    <system-out><![CDATA[
Scenario: Verify accounts overview                          # src/test/resources/features/accounts_overview.feature:3
  Given user is logged into Parabank                        # stepdefinitions.LoginSteps.user_is_logged_into_parabank()
  When user navigates to Accounts Overview page             # stepdefinitions.AccountsOverviewSteps.user_navigates_to_accounts_overview_page()
  Then user should see a list of all accounts with balances # stepdefinitions.AccountsOverviewSteps.user_should_see_a_list_of_all_accounts_with_balances()
]]></system-out>
    <system-err><![CDATA[[main] INFO io.github.bonigarcia.wdm.WebDriverManager - Using chromedriver 147.0.7727.56 (resolved driver for Chrome 147)
[main] INFO io.github.bonigarcia.wdm.WebDriverManager - Exporting webdriver.chrome.driver as /Users/ranajitchowdhury/.cache/selenium/chromedriver/mac64/147.0.7727.56/chromedriver
Apr 10, 2026 11:22:54 PM org.openqa.selenium.devtools.CdpVersionFinder findNearestMatch
WARNING: Unable to find CDP implementation matching 147
Apr 10, 2026 11:22:54 PM org.openqa.selenium.chromium.ChromiumDriver lambda$new$5
WARNING: Unable to find version of CDP to use for 147.0.7727.55. You may need to include a dependency on a specific version of the CDP using something similar to `org.seleniumhq.selenium:selenium-devtools-v86:4.27.0` where the version ("v86") matches the version of the chromium-based browser you're using and the version number of the artifact is the same as Selenium's.
]]></system-err>
  </testcase>
  <testcase name="runScenario[&quot;Pay bill to a payee successfully&quot;, &quot;Bill Payment&quot;](2)" classname="runners.TestNGCucumberRunner" time="16.533">
    <system-out><![CDATA[
Scenario: Pay bill to a payee successfully   # src/test/resources/features/bill_pay.feature:3
  Given user is logged into Parabank         # stepdefinitions.LoginSteps.user_is_logged_into_parabank()
  When user pays bill with following details # stepdefinitions.BillPaySteps.user_pays_bill(io.cucumber.datatable.DataTable)
    | payeeName | Electric Company |
    | address   | New York         |
    | city      | New York         |
    | state     | NY               |
    | zipCode   | 10001            |
    | phone     | 9999999999       |
    | account   | 12345            |
    | verifyAcc | 12345            |
    | amount    | 50               |
  Then bill payment should be successful     # stepdefinitions.BillPaySteps.bill_payment_should_be_successful()
]]></system-out>
    <system-err><![CDATA[[main] INFO io.github.bonigarcia.wdm.WebDriverManager - Using chromedriver 147.0.7727.56 (resolved driver for Chrome 147)
[main] INFO io.github.bonigarcia.wdm.WebDriverManager - Exporting webdriver.chrome.driver as /Users/ranajitchowdhury/.cache/selenium/chromedriver/mac64/147.0.7727.56/chromedriver
Apr 10, 2026 11:23:04 PM org.openqa.selenium.devtools.CdpVersionFinder findNearestMatch
WARNING: Unable to find CDP implementation matching 147
Apr 10, 2026 11:23:04 PM org.openqa.selenium.chromium.ChromiumDriver lambda$new$5
WARNING: Unable to find version of CDP to use for 147.0.7727.55. You may need to include a dependency on a specific version of the CDP using something similar to `org.seleniumhq.selenium:selenium-devtools-v86:4.27.0` where the version ("v86") matches the version of the chromium-based browser you're using and the version number of the artifact is the same as Selenium's.
[main] INFO io.github.bonigarcia.wdm.WebDriverManager - Using chromedriver 147.0.7727.56 (resolved driver for Chrome 147)
[main] INFO io.github.bonigarcia.wdm.WebDriverManager - Exporting webdriver.chrome.driver as /Users/ranajitchowdhury/.cache/selenium/chromedriver/mac64/147.0.7727.56/chromedriver
Apr 10, 2026 11:23:15 PM org.openqa.selenium.devtools.CdpVersionFinder findNearestMatch
WARNING: Unable to find CDP implementation matching 147
Apr 10, 2026 11:23:15 PM org.openqa.selenium.chromium.ChromiumDriver lambda$new$5
WARNING: Unable to find version of CDP to use for 147.0.7727.55. You may need to include a dependency on a specific version of the CDP using something similar to `org.seleniumhq.selenium:selenium-devtools-v86:4.27.0` where the version ("v86") matches the version of the chromium-based browser you're using and the version number of the artifact is the same as Selenium's.
]]></system-err>
  </testcase>
  <testcase name="runScenario[&quot;Find transactions using date range filter&quot;, &quot;Find Transactions&quot;](3)" classname="runners.TestNGCucumberRunner" time="10.549">
    <system-out><![CDATA[
Scenario: Find transactions using date range filter            # src/test/resources/features/find_transactions.feature:3
  Given user is logged into Parabank                           # stepdefinitions.LoginSteps.user_is_logged_into_parabank()
  When user navigates to Find Transactions page                # stepdefinitions.FindTransactionsSteps.user_navigates_to_find_transactions_page()
  And user enters date range from "01-01-2025" to "12-31-2025" # stepdefinitions.FindTransactionsSteps.user_enters_date_range(java.lang.String,java.lang.String)
  And user clicks the Find Transactions button for date range  # stepdefinitions.FindTransactionsSteps.user_clicks_find()
  Then a table with transaction history should be displayed    # stepdefinitions.FindTransactionsSteps.verify_table()
]]></system-out>
    <system-err><![CDATA[[main] INFO io.github.bonigarcia.wdm.WebDriverManager - Using chromedriver 147.0.7727.56 (resolved driver for Chrome 147)
[main] INFO io.github.bonigarcia.wdm.WebDriverManager - Exporting webdriver.chrome.driver as /Users/ranajitchowdhury/.cache/selenium/chromedriver/mac64/147.0.7727.56/chromedriver
Apr 10, 2026 11:23:20 PM org.openqa.selenium.devtools.CdpVersionFinder findNearestMatch
WARNING: Unable to find CDP implementation matching 147
Apr 10, 2026 11:23:20 PM org.openqa.selenium.chromium.ChromiumDriver lambda$new$5
WARNING: Unable to find version of CDP to use for 147.0.7727.55. You may need to include a dependency on a specific version of the CDP using something similar to `org.seleniumhq.selenium:selenium-devtools-v86:4.27.0` where the version ("v86") matches the version of the chromium-based browser you're using and the version number of the artifact is the same as Selenium's.
]]></system-err>
  </testcase>
  <testcase name="runScenario[&quot;Transfer money between accounts&quot;, &quot;Fund Transfer&quot;](4)" classname="runners.TestNGCucumberRunner" time="11.742">
    <system-out><![CDATA[
Scenario: Transfer money between accounts                                 # src/test/resources/features/fund_transfer.feature:3
  Given user is logged into Parabank                                      # stepdefinitions.LoginSteps.user_is_logged_into_parabank()
  When user navigates to Fund Transfer page                               # stepdefinitions.FundTransferSteps.navigate()
  And user transfers amount "500" from account "12345" to account "54321" # stepdefinitions.FundTransferSteps.performTransfer(java.lang.String,java.lang.String,java.lang.String)
  Then transfer should be successful                                      # stepdefinitions.FundTransferSteps.verifyTransfer()
]]></system-out>
    <system-err><![CDATA[[main] INFO io.github.bonigarcia.wdm.WebDriverManager - Using chromedriver 147.0.7727.56 (resolved driver for Chrome 147)
[main] INFO io.github.bonigarcia.wdm.WebDriverManager - Exporting webdriver.chrome.driver as /Users/ranajitchowdhury/.cache/selenium/chromedriver/mac64/147.0.7727.56/chromedriver
Apr 10, 2026 11:23:31 PM org.openqa.selenium.devtools.CdpVersionFinder findNearestMatch
WARNING: Unable to find CDP implementation matching 147
Apr 10, 2026 11:23:31 PM org.openqa.selenium.chromium.ChromiumDriver lambda$new$5
WARNING: Unable to find version of CDP to use for 147.0.7727.55. You may need to include a dependency on a specific version of the CDP using something similar to `org.seleniumhq.selenium:selenium-devtools-v86:4.27.0` where the version ("v86") matches the version of the chromium-based browser you're using and the version number of the artifact is the same as Selenium's.
]]></system-err>
  </testcase>
  <testcase name="runScenario[&quot;Successful login with valid credentials&quot;, &quot;Banking Login&quot;](5)" classname="runners.TestNGCucumberRunner" time="8.393">
    <system-out><![CDATA[
Scenario: Successful login with valid credentials # src/test/resources/features/login.feature:3
  Given user is on Parabank login page            # stepdefinitions.LoginSteps.user_is_on_parabank_login_page()
  When user enters username "john"                # stepdefinitions.LoginSteps.user_enters_username(java.lang.String)
  And user enters password "demo"                 # stepdefinitions.LoginSteps.user_enters_password(java.lang.String)
  And user clicks login                           # stepdefinitions.LoginSteps.user_clicks_login()
  Then user should be logged in successfully      # stepdefinitions.LoginSteps.user_should_be_logged_in_successfully()
]]></system-out>
    <system-err><![CDATA[[main] INFO io.github.bonigarcia.wdm.WebDriverManager - Using chromedriver 147.0.7727.56 (resolved driver for Chrome 147)
[main] INFO io.github.bonigarcia.wdm.WebDriverManager - Exporting webdriver.chrome.driver as /Users/ranajitchowdhury/.cache/selenium/chromedriver/mac64/147.0.7727.56/chromedriver
Apr 10, 2026 11:23:43 PM org.openqa.selenium.devtools.CdpVersionFinder findNearestMatch
WARNING: Unable to find CDP implementation matching 147
Apr 10, 2026 11:23:43 PM org.openqa.selenium.chromium.ChromiumDriver lambda$new$5
WARNING: Unable to find version of CDP to use for 147.0.7727.55. You may need to include a dependency on a specific version of the CDP using something similar to `org.seleniumhq.selenium:selenium-devtools-v86:4.27.0` where the version ("v86") matches the version of the chromium-based browser you're using and the version number of the artifact is the same as Selenium's.
]]></system-err>
  </testcase>
  <testcase name="runScenario[&quot;User logs out successfully&quot;, &quot;Logout&quot;](6)" classname="runners.TestNGCucumberRunner" time="14.13">
    <system-out><![CDATA[
Scenario: User logs out successfully          # src/test/resources/features/logout.feature:3
  Given user is logged into Parabank          # stepdefinitions.LoginSteps.user_is_logged_into_parabank()
  When user clicks logout                     # stepdefinitions.LogoutSteps.user_clicks_logout()
  Then user should be logged out successfully # stepdefinitions.LogoutSteps.user_should_be_logged_out_successfully()
]]></system-out>
    <system-err><![CDATA[[main] INFO io.github.bonigarcia.wdm.WebDriverManager - Using chromedriver 147.0.7727.56 (resolved driver for Chrome 147)
[main] INFO io.github.bonigarcia.wdm.WebDriverManager - Exporting webdriver.chrome.driver as /Users/ranajitchowdhury/.cache/selenium/chromedriver/mac64/147.0.7727.56/chromedriver
Apr 10, 2026 11:23:51 PM org.openqa.selenium.devtools.CdpVersionFinder findNearestMatch
WARNING: Unable to find CDP implementation matching 147
Apr 10, 2026 11:23:51 PM org.openqa.selenium.chromium.ChromiumDriver lambda$new$5
WARNING: Unable to find version of CDP to use for 147.0.7727.55. You may need to include a dependency on a specific version of the CDP using something similar to `org.seleniumhq.selenium:selenium-devtools-v86:4.27.0` where the version ("v86") matches the version of the chromium-based browser you're using and the version number of the artifact is the same as Selenium's.
[main] INFO io.github.bonigarcia.wdm.WebDriverManager - Using chromedriver 147.0.7727.56 (resolved driver for Chrome 147)
[main] INFO io.github.bonigarcia.wdm.WebDriverManager - Exporting webdriver.chrome.driver as /Users/ranajitchowdhury/.cache/selenium/chromedriver/mac64/147.0.7727.56/chromedriver
Apr 10, 2026 11:24:00 PM org.openqa.selenium.devtools.CdpVersionFinder findNearestMatch
WARNING: Unable to find CDP implementation matching 147
Apr 10, 2026 11:24:00 PM org.openqa.selenium.chromium.ChromiumDriver lambda$new$5
WARNING: Unable to find version of CDP to use for 147.0.7727.55. You may need to include a dependency on a specific version of the CDP using something similar to `org.seleniumhq.selenium:selenium-devtools-v86:4.27.0` where the version ("v86") matches the version of the chromium-based browser you're using and the version number of the artifact is the same as Selenium's.
]]></system-err>
  </testcase>
  <testcase name="runScenario[&quot;User opens a new account&quot;, &quot;Open New Account&quot;](7)" classname="runners.TestNGCucumberRunner" time="11.649">
    <system-out><![CDATA[
Scenario: User opens a new account                                     # src/test/resources/features/open_new_account.feature:3
  Given user is logged into Parabank                                   # stepdefinitions.LoginSteps.user_is_logged_into_parabank()
  When user navigates to Open New Account page                         # stepdefinitions.OpenNewAccountSteps.user_navigates_to_open_new_account_page()
  And user selects account type "SAVINGS" and existing account "12345" # stepdefinitions.OpenNewAccountSteps.user_selects_account_type_and_existing_account(java.lang.String,java.lang.String)
  And user clicks Open New Account                                     # stepdefinitions.OpenNewAccountSteps.user_clicks_open_new_account()
  Then new account should be created successfully                      # stepdefinitions.OpenNewAccountSteps.new_account_should_be_created_successfully()
]]></system-out>
    <system-err><![CDATA[[main] INFO io.github.bonigarcia.wdm.WebDriverManager - Using chromedriver 147.0.7727.56 (resolved driver for Chrome 147)
[main] INFO io.github.bonigarcia.wdm.WebDriverManager - Exporting webdriver.chrome.driver as /Users/ranajitchowdhury/.cache/selenium/chromedriver/mac64/147.0.7727.56/chromedriver
Apr 10, 2026 11:24:05 PM org.openqa.selenium.devtools.CdpVersionFinder findNearestMatch
WARNING: Unable to find CDP implementation matching 147
Apr 10, 2026 11:24:05 PM org.openqa.selenium.chromium.ChromiumDriver lambda$new$5
WARNING: Unable to find version of CDP to use for 147.0.7727.55. You may need to include a dependency on a specific version of the CDP using something similar to `org.seleniumhq.selenium:selenium-devtools-v86:4.27.0` where the version ("v86") matches the version of the chromium-based browser you're using and the version number of the artifact is the same as Selenium's.
]]></system-err>
  </testcase>
  <testcase name="runScenario[&quot;User requests a loan&quot;, &quot;Request Loan&quot;](8)" classname="runners.TestNGCucumberRunner" time="11.17">
    <system-out><![CDATA[
Scenario: User requests a loan                              # src/test/resources/features/request_loan.feature:3
  Given user is logged into Parabank                        # stepdefinitions.LoginSteps.user_is_logged_into_parabank()
  When user navigates to Request Loan page                  # stepdefinitions.RequestLoanSteps.user_navigates_to_request_loan_page()
  And user enters loan amount "5000" and down payment "500" # stepdefinitions.RequestLoanSteps.user_enters_loan_amount_and_down_payment(java.lang.String,java.lang.String)
  And user clicks Apply Now                                 # stepdefinitions.RequestLoanSteps.user_clicks_apply_now()
  Then loan request should be approved                      # stepdefinitions.RequestLoanSteps.loan_request_should_be_approved()
]]></system-out>
    <system-err><![CDATA[[main] INFO io.github.bonigarcia.wdm.WebDriverManager - Using chromedriver 147.0.7727.56 (resolved driver for Chrome 147)
[main] INFO io.github.bonigarcia.wdm.WebDriverManager - Exporting webdriver.chrome.driver as /Users/ranajitchowdhury/.cache/selenium/chromedriver/mac64/147.0.7727.56/chromedriver
Apr 10, 2026 11:24:17 PM org.openqa.selenium.devtools.CdpVersionFinder findNearestMatch
WARNING: Unable to find CDP implementation matching 147
Apr 10, 2026 11:24:17 PM org.openqa.selenium.chromium.ChromiumDriver lambda$new$5
WARNING: Unable to find version of CDP to use for 147.0.7727.55. You may need to include a dependency on a specific version of the CDP using something similar to `org.seleniumhq.selenium:selenium-devtools-v86:4.27.0` where the version ("v86") matches the version of the chromium-based browser you're using and the version number of the artifact is the same as Selenium's.
]]></system-err>
  </testcase>
  <testcase name="runScenario[&quot;Update user contact information&quot;, &quot;Update Contact Info&quot;](9)" classname="runners.TestNGCucumberRunner" time="11.245">
    <system-out><![CDATA[
Scenario: Update user contact information          # src/test/resources/features/update_contact_info.feature:3
  Given user is logged into Parabank               # stepdefinitions.LoginSteps.user_is_logged_into_parabank()
  When user navigates to Update Contact Info page  # stepdefinitions.UpdateContactInfoSteps.user_navigates_to_update_contact_info_page()
  And user updates contact info with:              # stepdefinitions.UpdateContactInfoSteps.user_updates_contact_info_with(io.cucumber.datatable.DataTable)
    | firstName | John       |
    | lastName  | Doe        |
    | address   | 123 St     |
    | city      | NY         |
    | state     | NY         |
    | zipCode   | 10001      |
    | phone     | 1234567890 |
  And user clicks Update                           # stepdefinitions.UpdateContactInfoSteps.user_clicks_update()
  Then contact info should be updated successfully # stepdefinitions.UpdateContactInfoSteps.contact_info_should_be_updated_successfully()
]]></system-out>
    <system-err><![CDATA[[main] INFO io.github.bonigarcia.wdm.WebDriverManager - Using chromedriver 147.0.7727.56 (resolved driver for Chrome 147)
[main] INFO io.github.bonigarcia.wdm.WebDriverManager - Exporting webdriver.chrome.driver as /Users/ranajitchowdhury/.cache/selenium/chromedriver/mac64/147.0.7727.56/chromedriver
Apr 10, 2026 11:24:28 PM org.openqa.selenium.devtools.CdpVersionFinder findNearestMatch
WARNING: Unable to find CDP implementation matching 147
Apr 10, 2026 11:24:28 PM org.openqa.selenium.chromium.ChromiumDriver lambda$new$5
WARNING: Unable to find version of CDP to use for 147.0.7727.55. You may need to include a dependency on a specific version of the CDP using something similar to `org.seleniumhq.selenium:selenium-devtools-v86:4.27.0` where the version ("v86") matches the version of the chromium-based browser you're using and the version number of the artifact is the same as Selenium's.
]]></system-err>
  </testcase>
</testsuite>