<?xml version="1.0" encoding="UTF-8"?>
<!-- Generated by org.testng.reporters.JUnitReportReporter -->
<testsuite hostname="Mac" failures="0" tests="9" name="runners.TestNGCucumberRunner" time="110.425" errors="0" timestamp="2026-04-10T23:24:35 EDT" skipped="0">
  <testcase classname="runners.TestNGCucumberRunner" name="runScenario" time="11.647"/>
  <testcase classname="runners.TestNGCucumberRunner" name="runScenario" time="15.021"/>
  <testcase classname="runners.TestNGCucumberRunner" name="runScenario" time="11.169"/>
  <testcase classname="runners.TestNGCucumberRunner" name="runScenario" time="11.243"/>
  <testcase classname="runners.TestNGCucumberRunner" name="runScenario" time="10.548"/>
  <testcase classname="runners.TestNGCucumberRunner" name="runScenario" time="14.130"/>
  <testcase classname="runners.TestNGCucumberRunner" name="runScenario" time="16.534"/>
  <testcase classname="runners.TestNGCucumberRunner" name="runScenario" time="11.741"/>
  <testcase classname="runners.TestNGCucumberRunner" name="runScenario" time="8.392"/>
</testsuite> <!-- runners.TestNGCucumberRunner -->
